DEB [20220809-15:11:01.789] thr=1   paramiko.transport: starting thread (client mode): 0x359360b0
DEB [20220809-15:11:01.789] thr=1   paramiko.transport: Local version/idstring: SSH-2.0-paramiko_2.11.0
DEB [20220809-15:11:01.830] thr=1   paramiko.transport: Remote version/idstring: SSH-2.0-OpenSSH_5.3
INF [20220809-15:11:01.830] thr=1   paramiko.transport: Connected (version 2.0, client OpenSSH_5.3)
DEB [20220809-15:11:01.854] thr=1   paramiko.transport: === Key exchange possibilities ===
DEB [20220809-15:11:01.854] thr=1   paramiko.transport: kex algos: diffie-hellman-group-exchange-sha256, diffie-hellman-group-exchange-sha1, diffie-hellman-group14-sha1, diffie-hellman-group1-sha1
DEB [20220809-15:11:01.854] thr=1   paramiko.transport: server key: ssh-rsa, ssh-dss
DEB [20220809-15:11:01.855] thr=1   paramiko.transport: client encrypt: aes128-ctr, aes192-ctr, aes256-ctr, arcfour256, arcfour128, aes128-cbc, 3des-cbc, blowfish-cbc, cast128-cbc, aes192-cbc, aes256-cbc, arcfour, rijndael-cbc@lysator.liu.se
DEB [20220809-15:11:01.855] thr=1   paramiko.transport: server encrypt: aes128-ctr, aes192-ctr, aes256-ctr, arcfour256, arcfour128, aes128-cbc, 3des-cbc, blowfish-cbc, cast128-cbc, aes192-cbc, aes256-cbc, arcfour, rijndael-cbc@lysator.liu.se
DEB [20220809-15:11:01.855] thr=1   paramiko.transport: client mac: hmac-md5, hmac-sha1, umac-64@openssh.com, hmac-sha2-256, hmac-sha2-512, hmac-ripemd160, hmac-ripemd160@openssh.com, hmac-sha1-96, hmac-md5-96
DEB [20220809-15:11:01.855] thr=1   paramiko.transport: server mac: hmac-md5, hmac-sha1, umac-64@openssh.com, hmac-sha2-256, hmac-sha2-512, hmac-ripemd160, hmac-ripemd160@openssh.com, hmac-sha1-96, hmac-md5-96
DEB [20220809-15:11:01.855] thr=1   paramiko.transport: client compress: none, zlib@openssh.com
DEB [20220809-15:11:01.855] thr=1   paramiko.transport: server compress: none, zlib@openssh.com
DEB [20220809-15:11:01.855] thr=1   paramiko.transport: client lang: <none>
DEB [20220809-15:11:01.855] thr=1   paramiko.transport: server lang: <none>
DEB [20220809-15:11:01.855] thr=1   paramiko.transport: kex follows: False
DEB [20220809-15:11:01.855] thr=1   paramiko.transport: === Key exchange agreements ===
DEB [20220809-15:11:01.855] thr=1   paramiko.transport: Kex: diffie-hellman-group-exchange-sha256
DEB [20220809-15:11:01.855] thr=1   paramiko.transport: HostKey: ssh-rsa
DEB [20220809-15:11:01.855] thr=1   paramiko.transport: Cipher: aes128-ctr
DEB [20220809-15:11:01.855] thr=1   paramiko.transport: MAC: hmac-sha2-256
DEB [20220809-15:11:01.855] thr=1   paramiko.transport: Compression: none
DEB [20220809-15:11:01.855] thr=1   paramiko.transport: === End of kex handshake ===
DEB [20220809-15:11:01.890] thr=1   paramiko.transport: Got server p (2048 bits)
DEB [20220809-15:11:01.958] thr=1   paramiko.transport: kex engine KexGexSHA256 specified hash_algo <built-in function openssl_sha256>
DEB [20220809-15:11:01.959] thr=1   paramiko.transport: Switch to new keys ...
DEB [20220809-15:11:01.959] thr=2   paramiko.transport: Attempting password auth...
DEB [20220809-15:11:02.044] thr=1   paramiko.transport: userauth is OK
INF [20220809-15:11:02.525] thr=1   paramiko.transport: Authentication (password) successful!
DEB [20220809-15:11:02.525] thr=2   paramiko.transport: [chan 0] Max packet in: 32768 bytes
DEB [20220809-15:11:02.760] thr=1   paramiko.transport: [chan 0] Max packet out: 32768 bytes
DEB [20220809-15:11:02.760] thr=1   paramiko.transport: Secsh channel 0 opened.
DEB [20220809-15:11:02.883] thr=1   paramiko.transport: [chan 0] Sesch channel 0 request ok
INF [20220809-15:11:03.430] thr=2   paramiko.transport.sftp: [chan 0] Opened sftp connection (server version 3)
DEB [20220809-15:11:03.431] thr=2   paramiko.transport.sftp: [chan 0] open(b'/home/uIDEJfOZY5fWl/RithmicPaperTrading/coperations', 'wb')
DEB [20220809-15:11:24.846] thr=1   paramiko.transport: starting thread (client mode): 0x497860b0
DEB [20220809-15:11:24.846] thr=1   paramiko.transport: Local version/idstring: SSH-2.0-paramiko_2.11.0
DEB [20220809-15:11:24.938] thr=1   paramiko.transport: Remote version/idstring: SSH-2.0-OpenSSH_5.3
INF [20220809-15:11:24.938] thr=1   paramiko.transport: Connected (version 2.0, client OpenSSH_5.3)
DEB [20220809-15:11:24.965] thr=1   paramiko.transport: === Key exchange possibilities ===
DEB [20220809-15:11:24.965] thr=1   paramiko.transport: kex algos: diffie-hellman-group-exchange-sha256, diffie-hellman-group-exchange-sha1, diffie-hellman-group14-sha1, diffie-hellman-group1-sha1
DEB [20220809-15:11:24.966] thr=1   paramiko.transport: server key: ssh-rsa, ssh-dss
DEB [20220809-15:11:24.966] thr=1   paramiko.transport: client encrypt: aes128-ctr, aes192-ctr, aes256-ctr, arcfour256, arcfour128, aes128-cbc, 3des-cbc, blowfish-cbc, cast128-cbc, aes192-cbc, aes256-cbc, arcfour, rijndael-cbc@lysator.liu.se
DEB [20220809-15:11:24.966] thr=1   paramiko.transport: server encrypt: aes128-ctr, aes192-ctr, aes256-ctr, arcfour256, arcfour128, aes128-cbc, 3des-cbc, blowfish-cbc, cast128-cbc, aes192-cbc, aes256-cbc, arcfour, rijndael-cbc@lysator.liu.se
DEB [20220809-15:11:24.966] thr=1   paramiko.transport: client mac: hmac-md5, hmac-sha1, umac-64@openssh.com, hmac-sha2-256, hmac-sha2-512, hmac-ripemd160, hmac-ripemd160@openssh.com, hmac-sha1-96, hmac-md5-96
DEB [20220809-15:11:24.966] thr=1   paramiko.transport: server mac: hmac-md5, hmac-sha1, umac-64@openssh.com, hmac-sha2-256, hmac-sha2-512, hmac-ripemd160, hmac-ripemd160@openssh.com, hmac-sha1-96, hmac-md5-96
DEB [20220809-15:11:24.966] thr=1   paramiko.transport: client compress: none, zlib@openssh.com
DEB [20220809-15:11:24.966] thr=1   paramiko.transport: server compress: none, zlib@openssh.com
DEB [20220809-15:11:24.966] thr=1   paramiko.transport: client lang: <none>
DEB [20220809-15:11:24.966] thr=1   paramiko.transport: server lang: <none>
DEB [20220809-15:11:24.966] thr=1   paramiko.transport: kex follows: False
DEB [20220809-15:11:24.966] thr=1   paramiko.transport: === Key exchange agreements ===
DEB [20220809-15:11:24.966] thr=1   paramiko.transport: Kex: diffie-hellman-group-exchange-sha256
DEB [20220809-15:11:24.966] thr=1   paramiko.transport: HostKey: ssh-rsa
DEB [20220809-15:11:24.966] thr=1   paramiko.transport: Cipher: aes128-ctr
DEB [20220809-15:11:24.966] thr=1   paramiko.transport: MAC: hmac-sha2-256
DEB [20220809-15:11:24.966] thr=1   paramiko.transport: Compression: none
DEB [20220809-15:11:24.966] thr=1   paramiko.transport: === End of kex handshake ===
DEB [20220809-15:11:24.991] thr=1   paramiko.transport: Got server p (2048 bits)
DEB [20220809-15:11:25.058] thr=1   paramiko.transport: kex engine KexGexSHA256 specified hash_algo <built-in function openssl_sha256>
DEB [20220809-15:11:25.058] thr=1   paramiko.transport: Switch to new keys ...
DEB [20220809-15:11:25.058] thr=2   paramiko.transport: Attempting password auth...
DEB [20220809-15:11:25.143] thr=1   paramiko.transport: userauth is OK
INF [20220809-15:11:25.321] thr=1   paramiko.transport: Authentication (password) successful!
DEB [20220809-15:11:25.322] thr=2   paramiko.transport: [chan 0] Max packet in: 32768 bytes
DEB [20220809-15:11:25.366] thr=1   paramiko.transport: [chan 0] Max packet out: 32768 bytes
DEB [20220809-15:11:25.366] thr=1   paramiko.transport: Secsh channel 0 opened.
DEB [20220809-15:11:25.392] thr=1   paramiko.transport: [chan 0] Sesch channel 0 request ok
INF [20220809-15:11:25.568] thr=2   paramiko.transport.sftp: [chan 0] Opened sftp connection (server version 3)
DEB [20220809-15:11:25.568] thr=2   paramiko.transport.sftp: [chan 0] open(b'/home/uIDEJfOZY5fWl/RithmicPaperTrading/coperations/testuser.csv', 'wb')
DEB [20220809-15:11:25.592] thr=2   paramiko.transport.sftp: [chan 0] open(b'/home/uIDEJfOZY5fWl/RithmicPaperTrading/coperations/testuser.csv', 'wb') -> 00000000
DEB [20220809-15:11:25.594] thr=2   paramiko.transport.sftp: [chan 0] close(00000000)
DEB [20220809-15:11:25.640] thr=2   paramiko.transport.sftp: [chan 0] stat(b'/home/uIDEJfOZY5fWl/RithmicPaperTrading/coperations/testuser.csv')
DEB [20220809-15:11:25.664] thr=1   paramiko.transport: EOF in transport thread
